This is pdfTeX, Version 3.141592653-2.6-1.40.22 (TeX Live 2022/dev/Debian) (preloaded format=pdflatex 2023.8.7)  8 AUG 2023 03:14
entering extended mode
 restricted \write18 enabled.
 file:line:error style messages enabled.
 %&-line parsing enabled.
**/home/ubuntu/repos/training_dataset_size_per_class/paper/technical_report
(/home/ubuntu/repos/training_dataset_size_per_class/paper/technical_report.tex
LaTeX2e <2021-11-15> patch level 1
L3 programming layer <2022-01-21> (/usr/share/texlive/texmf-dist/tex/latex/base/article.cls
Document Class: article 2021/10/04 v1.4n Standard LaTeX document class
(/usr/share/texlive/texmf-dist/tex/latex/base/size10.clo
File: size10.clo 2021/10/04 v1.4n Standard LaTeX file (size option)
)
\c@part=\count185
\c@section=\count186
\c@subsection=\count187
\c@subsubsection=\count188
\c@paragraph=\count189
\c@subparagraph=\count190
\c@figure=\count191
\c@table=\count192
\abovecaptionskip=\skip47
\belowcaptionskip=\skip48
\bibindent=\dimen138
) (/usr/share/texlive/texmf-dist/tex/latex/geometry/geometry.sty
Package: geometry 2020/01/02 v5.9 Page Geometry
 (/usr/share/texlive/texmf-dist/tex/latex/graphics/keyval.sty
Package: keyval 2014/10/28 v1.15 key=value parser (DPC)
\KV@toks@=\toks16
) (/usr/share/texlive/texmf-dist/tex/generic/iftex/ifvtex.sty
Package: ifvtex 2019/10/25 v1.7 ifvtex legacy package. Use iftex instead.
 (/usr/share/texlive/texmf-dist/tex/generic/iftex/iftex.sty
Package: iftex 2020/03/06 v1.0d TeX engine tests
))
\Gm@cnth=\count193
\Gm@cntv=\count194
\c@Gm@tempcnt=\count195
\Gm@bindingoffset=\dimen139
\Gm@wd@mp=\dimen140
\Gm@odd@mp=\dimen141
\Gm@even@mp=\dimen142
\Gm@layoutwidth=\dimen143
\Gm@layoutheight=\dimen144
\Gm@layouthoffset=\dimen145
\Gm@layoutvoffset=\dimen146
\Gm@dimlist=\toks17
) (/usr/share/texlive/texmf-dist/tex/latex/amsmath/amsmath.sty
Package: amsmath 2021/10/15 v2.17l AMS math features
\@mathmargin=\skip49

For additional information on amsmath, use the `?' option.
(/usr/share/texlive/texmf-dist/tex/latex/amsmath/amstext.sty
Package: amstext 2021/08/26 v2.01 AMS text
 (/usr/share/texlive/texmf-dist/tex/latex/amsmath/amsgen.sty
File: amsgen.sty 1999/11/30 v2.0 generic functions
\@emptytoks=\toks18
\ex@=\dimen147
)) (/usr/share/texlive/texmf-dist/tex/latex/amsmath/amsbsy.sty
Package: amsbsy 1999/11/29 v1.2d Bold Symbols
\pmbraise@=\dimen148
) (/usr/share/texlive/texmf-dist/tex/latex/amsmath/amsopn.sty
Package: amsopn 2021/08/26 v2.02 operator names
)
\inf@bad=\count196
LaTeX Info: Redefining \frac on input line 234.
\uproot@=\count197
\leftroot@=\count198
LaTeX Info: Redefining \overline on input line 399.
\classnum@=\count199
\DOTSCASE@=\count266
LaTeX Info: Redefining \ldots on input line 496.
LaTeX Info: Redefining \dots on input line 499.
LaTeX Info: Redefining \cdots on input line 620.
\Mathstrutbox@=\box50
\strutbox@=\box51
\big@size=\dimen149
LaTeX Font Info:    Redeclaring font encoding OML on input line 743.
LaTeX Font Info:    Redeclaring font encoding OMS on input line 744.
\macc@depth=\count267
\c@MaxMatrixCols=\count268
\dotsspace@=\muskip16
\c@parentequation=\count269
\dspbrk@lvl=\count270
\tag@help=\toks19
\row@=\count271
\column@=\count272
\maxfields@=\count273
\andhelp@=\toks20
\eqnshift@=\dimen150
\alignsep@=\dimen151
\tagshift@=\dimen152
\tagwidth@=\dimen153
\totwidth@=\dimen154
\lineht@=\dimen155
\@envbody=\toks21
\multlinegap=\skip50
\multlinetaggap=\skip51
\mathdisplay@stack=\toks22
LaTeX Info: Redefining \[ on input line 2938.
LaTeX Info: Redefining \] on input line 2939.
) (/usr/share/texlive/texmf-dist/tex/latex/graphics/graphicx.sty
Package: graphicx 2021/09/16 v1.2d Enhanced LaTeX Graphics (DPC,SPQR)
 (/usr/share/texlive/texmf-dist/tex/latex/graphics/graphics.sty
Package: graphics 2021/03/04 v1.4d Standard LaTeX Graphics (DPC,SPQR)
 (/usr/share/texlive/texmf-dist/tex/latex/graphics/trig.sty
Package: trig 2021/08/11 v1.11 sin cos tan (DPC)
) (/usr/share/texlive/texmf-dist/tex/latex/graphics-cfg/graphics.cfg
File: graphics.cfg 2016/06/04 v1.11 sample graphics configuration
)
Package graphics Info: Driver file: pdftex.def on input line 107.
 (/usr/share/texlive/texmf-dist/tex/latex/graphics-def/pdftex.def
File: pdftex.def 2020/10/05 v1.2a Graphics/color driver for pdftex
))
\Gin@req@height=\dimen156
\Gin@req@width=\dimen157
) (/usr/share/texlive/texmf-dist/tex/latex/amsfonts/amsfonts.sty
Package: amsfonts 2013/01/14 v3.01 Basic AMSFonts support
\symAMSa=\mathgroup4
\symAMSb=\mathgroup5
LaTeX Font Info:    Redeclaring math symbol \hbar on input line 98.
LaTeX Font Info:    Overwriting math alphabet `\mathfrak' in version `bold'
(Font)                  U/euf/m/n --> U/euf/b/n on input line 106.
) (/usr/share/texlive/texmf-dist/tex/latex/tools/verbatim.sty
Package: verbatim 2020-07-07 v1.5u LaTeX2e package for verbatim enhancements
\every@verbatim=\toks23
\verbatim@line=\toks24
\verbatim@in@stream=\read2
) (/usr/share/texlive/texmf-dist/tex/latex/caption/subcaption.sty
Package: subcaption 2020/10/07 v1.3j Sub-captions (AR)
 (/usr/share/texlive/texmf-dist/tex/latex/caption/caption.sty
Package: caption 2020/10/26 v3.5g Customizing captions (AR)
 (/usr/share/texlive/texmf-dist/tex/latex/caption/caption3.sty
Package: caption3 2020/10/21 v2.2e caption3 kernel (AR)
\captionmargin=\dimen158
\captionmargin@=\dimen159
\captionwidth=\dimen160
\caption@tempdima=\dimen161
\caption@indent=\dimen162
\caption@parindent=\dimen163
\caption@hangindent=\dimen164
Package caption Info: Standard document class detected.
)
\c@caption@flags=\count274
\c@continuedfloat=\count275
)
\c@subfigure=\count276
\c@subtable=\count277
) (/usr/share/texlive/texmf-dist/tex/latex/l3backend/l3backend-pdftex.def
File: l3backend-pdftex.def 2022-01-12 L3 backend support: PDF output (pdfTeX)
\l__color_backend_stack_int=\count278
\l__pdf_internal_box=\box52
) (./technical_report.aux)
\openout1 = `technical_report.aux'.

LaTeX Font Info:    Checking defaults for OML/cmm/m/it on input line 36.
LaTeX Font Info:    ... okay on input line 36.
LaTeX Font Info:    Checking defaults for OMS/cmsy/m/n on input line 36.
LaTeX Font Info:    ... okay on input line 36.
LaTeX Font Info:    Checking defaults for OT1/cmr/m/n on input line 36.
LaTeX Font Info:    ... okay on input line 36.
LaTeX Font Info:    Checking defaults for T1/cmr/m/n on input line 36.
LaTeX Font Info:    ... okay on input line 36.
LaTeX Font Info:    Checking defaults for TS1/cmr/m/n on input line 36.
LaTeX Font Info:    ... okay on input line 36.
LaTeX Font Info:    Checking defaults for OMX/cmex/m/n on input line 36.
LaTeX Font Info:    ... okay on input line 36.
LaTeX Font Info:    Checking defaults for U/cmr/m/n on input line 36.
LaTeX Font Info:    ... okay on input line 36.

*geometry* driver: auto-detecting
*geometry* detected driver: pdftex
*geometry* verbose mode - [ preamble ] result:
* driver: pdftex
* paper: <default>
* layout: <same size as paper>
* layoutoffset:(h,v)=(0.0pt,0.0pt)
* modes: 
* h-part:(L,W,R)=(92.14519pt, 430.00462pt, 92.14519pt)
* v-part:(T,H,B)=(95.39737pt, 556.47656pt, 143.09605pt)
* \paperwidth=614.295pt
* \paperheight=794.96999pt
* \textwidth=430.00462pt
* \textheight=556.47656pt
* \oddsidemargin=19.8752pt
* \evensidemargin=19.8752pt
* \topmargin=-13.87262pt
* \headheight=12.0pt
* \headsep=25.0pt
* \topskip=10.0pt
* \footskip=30.0pt
* \marginparwidth=65.0pt
* \marginparsep=11.0pt
* \columnsep=10.0pt
* \skip\footins=9.0pt plus 4.0pt minus 2.0pt
* \hoffset=0.0pt
* \voffset=0.0pt
* \mag=1000
* \@twocolumnfalse
* \@twosidefalse
* \@mparswitchfalse
* \@reversemarginfalse
* (1in=72.27pt=25.4mm, 1cm=28.453pt)

(/usr/share/texlive/texmf-dist/tex/context/base/mkii/supp-pdf.mkii
[Loading MPS to PDF converter (version 2006.09.02).]
\scratchcounter=\count279
\scratchdimen=\dimen165
\scratchbox=\box53
\nofMPsegments=\count280
\nofMParguments=\count281
\everyMPshowfont=\toks25
\MPscratchCnt=\count282
\MPscratchDim=\dimen166
\MPnumerator=\count283
\makeMPintoPDFobject=\count284
\everyMPtoPDFconversion=\toks26
) (/usr/share/texlive/texmf-dist/tex/latex/epstopdf-pkg/epstopdf-base.sty
Package: epstopdf-base 2020-01-24 v2.11 Base part for package epstopdf
Package epstopdf-base Info: Redefining graphics rule for `.eps' on input line 485.
 (/usr/share/texlive/texmf-dist/tex/latex/latexconfig/epstopdf-sys.cfg
File: epstopdf-sys.cfg 2010/07/13 v1.3 Configuration of (r)epstopdf for TeX Live
))
Package caption Info: Begin \AtBeginDocument code.
Package caption Info: End \AtBeginDocument code.
LaTeX Font Info:    Trying to load font information for U+msa on input line 37.
 (/usr/share/texlive/texmf-dist/tex/latex/amsfonts/umsa.fd
File: umsa.fd 2013/01/14 v3.01 AMS symbols A
)
LaTeX Font Info:    Trying to load font information for U+msb on input line 37.
 (/usr/share/texlive/texmf-dist/tex/latex/amsfonts/umsb.fd
File: umsb.fd 2013/01/14 v3.01 AMS symbols B
)

LaTeX Warning: Citation `mahmood2022data' on page 1 undefined on input line 49.


LaTeX Warning: Citation `cho2016data' on page 1 undefined on input line 51.


LaTeX Warning: Citation `Figueroa2012PredictingSampleSizeForClass' on page 1 undefined on input line 51.


LaTeX Warning: Citation `sorscher2023neural' on page 1 undefined on input line 53.

[1

{/var/lib/texmf/fonts/map/pdftex/updmap/pdftex.map}]

LaTeX Warning: Citation `hoffmann2022training' on page 2 undefined on input line 55.


LaTeX Warning: Citation `alabdulmohsin2022revisiting' on page 2 undefined on input line 56.


LaTeX Warning: Citation `hutter2021learning' on page 2 undefined on input line 57.


LaTeX Warning: Citation `mahmood2022data' on page 2 undefined on input line 58.


LaTeX Warning: Citation `rosenfeld2019constructive' on page 2 undefined on input line 59.


LaTeX Warning: Citation `sorscher2023neural' on page 2 undefined on input line 60.


LaTeX Warning: Citation `sun2017revisiting' on page 2 undefined on input line 61.


LaTeX Warning: Citation `cho2016data' on page 2 undefined on input line 62.


LaTeX Warning: Citation `Goodfellowetal2016' on page 2 undefined on input line 82.


LaTeX Warning: Citation `Bishop2006PatternRecog' on page 2 undefined on input line 82.

[2]

LaTeX Warning: Citation `gomes_hal_spacefilling_mixtures' on page 3 undefined on input line 106.


LaTeX Warning: Citation `fisher_1935' on page 3 undefined on input line 107.


LaTeX Warning: Citation `myers2009response' on page 3 undefined on input line 108.


LaTeX Warning: Citation `Goos_Jones_optDoE_2011' on page 3 undefined on input line 108.


LaTeX Warning: Citation `Nist_2012_eng_stats' on page 3 undefined on input line 110.


LaTeX Warning: Citation `fedorov1972theory' on page 3 undefined on input line 121.

[3]

LaTeX Warning: Citation `mahmood2022data' on page 4 undefined on input line 207.


LaTeX Warning: Citation `Cifar10' on page 4 undefined on input line 218.


LaTeX Warning: Citation `he2015resnet' on page 4 undefined on input line 220.


LaTeX Warning: Citation `pytorch' on page 4 undefined on input line 220.


LaTeX Warning: Reference `alg:two' on page 4 undefined on input line 226.

[4]
<./plots//Cifar10_full_dataset_acc_vs_epoch.jpg, id=29, 433.62pt x 289.08pt>
File: ./plots//Cifar10_full_dataset_acc_vs_epoch.jpg Graphic file (type jpg)
<use ./plots//Cifar10_full_dataset_acc_vs_epoch.jpg>
Package pdftex.def Info: ./plots//Cifar10_full_dataset_acc_vs_epoch.jpg  used on input line 239.
(pdftex.def)             Requested size: 172.00249pt x 114.66835pt.
<./plots//Cifar10_training_datasetsize_vs_test_acc.jpg, id=30, 433.62pt x 289.08pt>
File: ./plots//Cifar10_training_datasetsize_vs_test_acc.jpg Graphic file (type jpg)
<use ./plots//Cifar10_training_datasetsize_vs_test_acc.jpg>
Package pdftex.def Info: ./plots//Cifar10_training_datasetsize_vs_test_acc.jpg  used on input line 245.
(pdftex.def)             Requested size: 172.00249pt x 114.66835pt.
<./plots//test_acc_vs_epoch_subset_size_5000.jpg, id=31, 433.62pt x 289.08pt>
File: ./plots//test_acc_vs_epoch_subset_size_5000.jpg Graphic file (type jpg)
<use ./plots//test_acc_vs_epoch_subset_size_5000.jpg>
Package pdftex.def Info: ./plots//test_acc_vs_epoch_subset_size_5000.jpg  used on input line 259.
(pdftex.def)             Requested size: 172.00249pt x 114.66835pt.
<./plots//test_acc_vs_epoch_subset_size_20000.jpg, id=32, 433.62pt x 289.08pt>
File: ./plots//test_acc_vs_epoch_subset_size_20000.jpg Graphic file (type jpg)
<use ./plots//test_acc_vs_epoch_subset_size_20000.jpg>
Package pdftex.def Info: ./plots//test_acc_vs_epoch_subset_size_20000.jpg  used on input line 265.
(pdftex.def)             Requested size: 172.00249pt x 114.66835pt.
<./plots//test_acc_vs_epoch_subset_size_30000.jpg, id=33, 433.62pt x 289.08pt>
File: ./plots//test_acc_vs_epoch_subset_size_30000.jpg Graphic file (type jpg)
<use ./plots//test_acc_vs_epoch_subset_size_30000.jpg>
Package pdftex.def Info: ./plots//test_acc_vs_epoch_subset_size_30000.jpg  used on input line 271.
(pdftex.def)             Requested size: 172.00249pt x 114.66835pt.
<./plots//test_acc_vs_epoch_subset_size_45000.jpg, id=34, 433.62pt x 289.08pt>
File: ./plots//test_acc_vs_epoch_subset_size_45000.jpg Graphic file (type jpg)
<use ./plots//test_acc_vs_epoch_subset_size_45000.jpg>
Package pdftex.def Info: ./plots//test_acc_vs_epoch_subset_size_45000.jpg  used on input line 277.
(pdftex.def)             Requested size: 172.00249pt x 114.66835pt.

Underfull \hbox (badness 10000) in paragraph at lines 257--281
[]$[]$$[]$
 []


Overfull \hbox (14.05182pt too wide) in paragraph at lines 320--327
 [][] 
 []


LaTeX Warning: `!h' float specifier changed to `!ht'.

<./plots//powerlaw_train_accs_hat_epoch.jpg, id=35, 433.62pt x 289.08pt>
File: ./plots//powerlaw_train_accs_hat_epoch.jpg Graphic file (type jpg)
<use ./plots//powerlaw_train_accs_hat_epoch.jpg>
Package pdftex.def Info: ./plots//powerlaw_train_accs_hat_epoch.jpg  used on input line 360.
(pdftex.def)             Requested size: 172.00249pt x 114.66835pt.
<./plots//powerlaw_val_accs_hat_epoch.jpg, id=36, 433.62pt x 289.08pt>
File: ./plots//powerlaw_val_accs_hat_epoch.jpg Graphic file (type jpg)
<use ./plots//powerlaw_val_accs_hat_epoch.jpg>
Package pdftex.def Info: ./plots//powerlaw_val_accs_hat_epoch.jpg  used on input line 366.
(pdftex.def)             Requested size: 172.00249pt x 114.66835pt.
<./plots//powerlaw_train_accs_hat_epoch_sq.jpg, id=37, 433.62pt x 289.08pt>
File: ./plots//powerlaw_train_accs_hat_epoch_sq.jpg Graphic file (type jpg)
<use ./plots//powerlaw_train_accs_hat_epoch_sq.jpg>
Package pdftex.def Info: ./plots//powerlaw_train_accs_hat_epoch_sq.jpg  used on input line 378.
(pdftex.def)             Requested size: 172.00249pt x 114.66835pt.
<./plots//powerlaw_val_accs_hat_epoch_sq.jpg, id=38, 433.62pt x 289.08pt>
File: ./plots//powerlaw_val_accs_hat_epoch_sq.jpg Graphic file (type jpg)
<use ./plots//powerlaw_val_accs_hat_epoch_sq.jpg>
Package pdftex.def Info: ./plots//powerlaw_val_accs_hat_epoch_sq.jpg  used on input line 384.
(pdftex.def)             Requested size: 172.00249pt x 114.66835pt.
<./plots//powerlaw_train_accs_hat_total_n_epoch.jpg, id=39, 433.62pt x 289.08pt>
File: ./plots//powerlaw_train_accs_hat_total_n_epoch.jpg Graphic file (type jpg)
<use ./plots//powerlaw_train_accs_hat_total_n_epoch.jpg>
Package pdftex.def Info: ./plots//powerlaw_train_accs_hat_total_n_epoch.jpg  used on input line 396.
(pdftex.def)             Requested size: 172.00249pt x 114.66835pt.
<./plots//powerlaw_val_accs_hat_total_n_epoch.jpg, id=40, 433.62pt x 289.08pt>
File: ./plots//powerlaw_val_accs_hat_total_n_epoch.jpg Graphic file (type jpg)
<use ./plots//powerlaw_val_accs_hat_total_n_epoch.jpg>
Package pdftex.def Info: ./plots//powerlaw_val_accs_hat_total_n_epoch.jpg  used on input line 402.
(pdftex.def)             Requested size: 172.00249pt x 114.66835pt.
<./plots//powerlaw_train_accs_hat_total_n_epoch_sq.jpg, id=41, 433.62pt x 289.08pt>
File: ./plots//powerlaw_train_accs_hat_total_n_epoch_sq.jpg Graphic file (type jpg)
<use ./plots//powerlaw_train_accs_hat_total_n_epoch_sq.jpg>
Package pdftex.def Info: ./plots//powerlaw_train_accs_hat_total_n_epoch_sq.jpg  used on input line 413.
(pdftex.def)             Requested size: 172.00249pt x 114.66835pt.
<./plots//powerlaw_val_accs_hat_total_n_epoch_sq.jpg, id=42, 433.62pt x 289.08pt>
File: ./plots//powerlaw_val_accs_hat_total_n_epoch_sq.jpg Graphic file (type jpg)
<use ./plots//powerlaw_val_accs_hat_total_n_epoch_sq.jpg>
Package pdftex.def Info: ./plots//powerlaw_val_accs_hat_total_n_epoch_sq.jpg  used on input line 419.
(pdftex.def)             Requested size: 172.00249pt x 114.66835pt.
[5 <./plots//Cifar10_full_dataset_acc_vs_epoch.jpg> <./plots//Cifar10_training_datasetsize_vs_test_acc.jpg>] [6 <./plots//test_acc_vs_epoch_subset_size_5000.jpg> <./plots//test_acc_vs_epoch_subset_size_20000.jpg> <./plots//test_acc_vs_epoch_subset_size_30000.jpg> <./plots//test_acc_vs_epoch_subset_size_45000.jpg> <./plots//powerlaw_train_accs_hat_epoch.jpg> <./plots//powerlaw_val_accs_hat_epoch.jpg>] [7 <./plots//powerlaw_train_accs_hat_epoch_sq.jpg> <./plots//powerlaw_val_accs_hat_epoch_sq.jpg> <./plots//powerlaw_train_accs_hat_total_n_epoch.jpg> <./plots//powerlaw_val_accs_hat_total_n_epoch.jpg> <./plots//powerlaw_train_accs_hat_total_n_epoch_sq.jpg> <./plots//powerlaw_val_accs_hat_total_n_epoch_sq.jpg>]

LaTeX Warning: Reference `table:model_overview' on page 8 undefined on input line 437.


LaTeX Warning: Reference `table:param_values_full_model_epoch_sq' on page 8 undefined on input line 439.


LaTeX Warning: Reference `table:model_overview' on page 8 undefined on input line 441.

[8]
Overfull \hbox (15.25082pt too wide) in paragraph at lines 457--466
 [][] 
 []

[9] (./technical_report.aux)

LaTeX Warning: There were undefined references.

 ) 
Here is how much of TeX's memory you used:
 4291 strings out of 480247
 78744 string characters out of 5896152
 374492 words of memory out of 5000000
 22204 multiletter control sequences out of 15000+600000
 479170 words of font info for 67 fonts, out of 8000000 for 9000
 14 hyphenation exceptions out of 8191
 67i,9n,77p,1727b,513s stack positions out of 5000i,500n,10000p,200000b,80000s
 </home/ubuntu/.texlive2021/texmf-var/fonts/pk/ljfour/jknappen/ec/tcrm1000.600pk></usr/share/texlive/texmf-dist/fonts/type1/public/amsfonts/cm/cmbx10.pfb></usr/share/texlive/texmf-dist/fonts/type1/public/amsfonts/cm/cmbx12.pfb></usr/share/texlive/texmf-dist/fonts/type1/public/amsfonts/cm/cmex10.pfb></usr/share/texlive/texmf-dist/fonts/type1/public/amsfonts/cm/cmmi10.pfb></usr/share/texlive/texmf-dist/fonts/type1/public/amsfonts/cm/cmmi5.pfb></usr/share/texlive/texmf-dist/fonts/type1/public/amsfonts/cm/cmmi7.pfb></usr/share/texlive/texmf-dist/fonts/type1/public/amsfonts/cm/cmr10.pfb></usr/share/texlive/texmf-dist/fonts/type1/public/amsfonts/cm/cmr12.pfb></usr/share/texlive/texmf-dist/fonts/type1/public/amsfonts/cm/cmr17.pfb></usr/share/texlive/texmf-dist/fonts/type1/public/amsfonts/cm/cmr5.pfb></usr/share/texlive/texmf-dist/fonts/type1/public/amsfonts/cm/cmr7.pfb></usr/share/texlive/texmf-dist/fonts/type1/public/amsfonts/cm/cmr9.pfb></usr/share/texlive/texmf-dist/fonts/type1/public/amsfonts/cm/cmsy10.pfb></usr/share/texlive/texmf-dist/fonts/type1/public/amsfonts/cm/cmsy7.pfb></usr/share/texlive/texmf-dist/fonts/type1/public/amsfonts/cm/cmtt10.pfb>
Output written on technical_report.pdf (9 pages, 424442 bytes).
PDF statistics:
 128 PDF objects out of 1000 (max. 8388607)
 71 compressed objects within 1 object stream
 0 named destinations out of 1000 (max. 500000)
 71 words of extra memory for PDF output out of 10000 (max. 10000000)

